<?xml version="1.0" encoding="UTF-8"?>
<testng-results skipped="0" failed="0" ignored="0" total="1" passed="1">
  <reporter-output>
  </reporter-output>
  <suite name="Default suite" duration-ms="69566" started-at="2019-06-27T11:44:31Z" finished-at="2019-06-27T11:45:41Z">
    <groups>
    </groups>
    <test name="Default test" duration-ms="69566" started-at="2019-06-27T11:44:31Z" finished-at="2019-06-27T11:45:41Z">
      <class name="Sheet.google.Google">
        <test-method status="PASS" signature="test()[pri:0, instance:Sheet.google.Google@1794d431]" name="test" duration-ms="69426" started-at="2019-06-27T11:44:31Z" finished-at="2019-06-27T11:45:41Z">
          <reporter-output>
          </reporter-output>
        </test-method> <!-- test -->
      </class> <!-- Sheet.google.Google -->
    </test> <!-- Default test -->
  </suite> <!-- Default suite -->
</testng-results>
